Using pre-set license
Built from '2020.3/staging' branch; Version is '2020.3.4f1 (0abb6314276a) revision 703331'; Using compiler version '192528614'; Build Type 'Release'
OS: 'Windows 10 Home Single Language; OS build 19042.1052; Version 2009; 64bit' Language: 'en' Physical Memory: 8112 MB
BatchMode: 1, IsHumanControllingUs: 0, StartBugReporterOnCrash: 0, Is64bit: 1, IsPro: 0

 COMMAND LINE ARGUMENTS:
C:\Program Files\Unity\Hub\Editor\2020.3.4f1\Editor\Unity.exe
-adb2
-batchMode
-noUpm
-name
AssetImportWorker0
-projectPath
D:/Git/Kidyers
-logFile
Logs/AssetImportWorker0.log
-srvPort
54037
Successfully changed project path to: D:/Git/Kidyers
D:/Git/Kidyers
Using Asset Import Pipeline V2.
Refreshing native plugins compatible for Editor in 203.33 ms, found 0 plugins.
Preloading 0 native plugins for Editor in 0.00 ms.
Initialize engine version: 2020.3.4f1 (0abb6314276a)
[Subsystems] Discovering subsystems at path C:/Program Files/Unity/Hub/Editor/2020.3.4f1/Editor/Data/Resources/UnitySubsystems
[Subsystems] Discovering subsystems at path D:/Git/Kidyers/Assets
GfxDevice: creating device client; threaded=0
Direct3D:
    Version:  Direct3D 11.0 [level 11.1]
    Renderer: NVIDIA GeForce GTX 1650 (ID=0x1f91)
    Vendor:   
    VRAM:     3962 MB
    Driver:   27.21.14.6627
Initialize mono
Mono path[0] = 'C:/Program Files/Unity/Hub/Editor/2020.3.4f1/Editor/Data/Managed'
Mono path[1] = 'C:/Program Files/Unity/Hub/Editor/2020.3.4f1/Editor/Data/MonoBleedingEdge/lib/mono/unityjit'
Mono config path = 'C:/Program Files/Unity/Hub/Editor/2020.3.4f1/Editor/Data/MonoBleedingEdge/etc'
Using monoOptions --debugger-agent=transport=dt_socket,embedding=1,server=y,suspend=n,address=127.0.0.1:56048
Begin MonoManager ReloadAssembly
Registering precompiled unity dll's ...
Register platform support module: C:/Program Files/Unity/Hub/Editor/2020.3.4f1/Editor/Data/PlaybackEngines/WebGLSupport/UnityEditor.WebGL.Extensions.dll
Register platform support module: C:/Program Files/Unity/Hub/Editor/2020.3.4f1/Editor/Data/PlaybackEngines/WindowsStandaloneSupport/UnityEditor.WindowsStandalone.Extensions.dll
Registered in 0.004459 seconds.
Native extension for WindowsStandalone target not found
Native extension for WebGL target not found
Refreshing native plugins compatible for Editor in 31.20 ms, found 0 plugins.
Preloading 0 native plugins for Editor in 0.00 ms.
Mono: successfully reloaded assembly
- Completed reload, in  3.062 seconds
Platform modules already initialized, skipping
Registering precompiled user dll's ...
Registered in 0.090113 seconds.
Begin MonoManager ReloadAssembly
Native extension for WindowsStandalone target not found
Native extension for WebGL target not found
Refreshing native plugins compatible for Editor in 30.40 ms, found 0 plugins.
Preloading 0 native plugins for Editor in 0.00 ms.
Mono: successfully reloaded assembly
- Completed reload, in  2.985 seconds
Platform modules already initialized, skipping
========================================================================
Worker process is ready to serve import requests
Launched and connected shader compiler UnityShaderCompiler.exe after 0.06 seconds
Refreshing native plugins compatible for Editor in 0.51 ms, found 0 plugins.
Preloading 0 native plugins for Editor in 0.00 ms.
Unloading 1595 Unused Serialized files (Serialized files now loaded: 0)
System memory in use before: 74.5 MB.
System memory in use after: 74.5 MB.

Unloading 14 unused Assets to reduce memory usage. Loaded Objects now: 2040.
Total: 4.380900 ms (FindLiveObjects: 0.265500 ms CreateObjectMapping: 0.097900 ms MarkObjects: 3.928700 ms  DeleteObjects: 0.086100 ms)

========================================================================
Received Import Request.
  path: Assets/Extension
  artifactKey: Guid(e83ab1a460ad3b94b871638a41a47d60) Importer(815301076,1909f56bfc062723c751e8b465ee728b)
Start importing Assets/Extension using Guid(e83ab1a460ad3b94b871638a41a47d60) Importer(815301076,1909f56bfc062723c751e8b465ee728b)  -> (artifact id: '626fdffea572484a0022b1d9a37ff930') in 0.016781 seconds
  Import took 0.021822 seconds .

========================================================================
Received Import Request.
  Time since last request: 229.498197 seconds.
  path: Assets/Extension/Service/Internal/CameraControl.cs
  artifactKey: Guid(3da32e9cc43e9d649a30fd4193a88776) Importer(815301076,1909f56bfc062723c751e8b465ee728b)
Start importing Assets/Extension/Service/Internal/CameraControl.cs using Guid(3da32e9cc43e9d649a30fd4193a88776) Importer(815301076,1909f56bfc062723c751e8b465ee728b)  -> (artifact id: '9477b75a696e0207a6f468d5c29f1ad5') in 0.038364 seconds
  Import took 0.041159 seconds .

========================================================================
Received Import Request.
  Time since last request: 79.514969 seconds.
  path: Assets/Extension/Service/Internal/CameraControl.cs
  artifactKey: Guid(3da32e9cc43e9d649a30fd4193a88776) Importer(815301076,1909f56bfc062723c751e8b465ee728b)
Start importing Assets/Extension/Service/Internal/CameraControl.cs using Guid(3da32e9cc43e9d649a30fd4193a88776) Importer(815301076,1909f56bfc062723c751e8b465ee728b)  -> (artifact id: '5a5eac019fcdc7549f478f9e620e8d41') in 0.003132 seconds
  Import took 0.009642 seconds .

========================================================================
Received Import Request.
  Time since last request: 40.607304 seconds.
  path: Assets/Extension/Service/Internal/CameraControl.cs
  artifactKey: Guid(3da32e9cc43e9d649a30fd4193a88776) Importer(815301076,1909f56bfc062723c751e8b465ee728b)
Start importing Assets/Extension/Service/Internal/CameraControl.cs using Guid(3da32e9cc43e9d649a30fd4193a88776) Importer(815301076,1909f56bfc062723c751e8b465ee728b)  -> (artifact id: '3c3337941d13387aee2679f857c119cf') in 0.002744 seconds
  Import took 0.005400 seconds .

========================================================================
Received Prepare
Registering precompiled user dll's ...
Registered in 0.065792 seconds.
Begin MonoManager ReloadAssembly
Native extension for WindowsStandalone target not found
Native extension for WebGL target not found
Refreshing native plugins compatible for Editor in 0.50 ms, found 2 plugins.
Preloading 0 native plugins for Editor in 0.00 ms.
Mono: successfully reloaded assembly
- Completed reload, in  1.982 seconds
Platform modules already initialized, skipping
OnLevelWasLoaded was found on Reporter
This message has been deprecated and will be removed in a later version of Unity.
Add a delegate to SceneManager.sceneLoaded instead to get notifications after scene loading has completed

Refreshing native plugins compatible for Editor in 0.55 ms, found 2 plugins.
Preloading 0 native plugins for Editor in 0.00 ms.
Unloading 1948 Unused Serialized files (Serialized files now loaded: 0)
System memory in use before: 89.5 MB.
System memory in use after: 87.3 MB.

Unloading 51 unused Assets to reduce memory usage. Loaded Objects now: 2382.
Total: 3.281700 ms (FindLiveObjects: 0.209200 ms CreateObjectMapping: 0.085000 ms MarkObjects: 1.779300 ms  DeleteObjects: 1.207000 ms)

========================================================================
Received Prepare
Registering precompiled user dll's ...
Registered in 0.126889 seconds.
Begin MonoManager ReloadAssembly
Native extension for WindowsStandalone target not found
Native extension for WebGL target not found
Refreshing native plugins compatible for Editor in 0.74 ms, found 2 plugins.
Preloading 0 native plugins for Editor in 0.00 ms.
Mono: successfully reloaded assembly
- Completed reload, in  2.042 seconds
Platform modules already initialized, skipping
OnLevelWasLoaded was found on Reporter
This message has been deprecated and will be removed in a later version of Unity.
Add a delegate to SceneManager.sceneLoaded instead to get notifications after scene loading has completed

Refreshing native plugins compatible for Editor in 0.47 ms, found 2 plugins.
Preloading 0 native plugins for Editor in 0.00 ms.
Unloading 1948 Unused Serialized files (Serialized files now loaded: 0)
System memory in use before: 89.4 MB.
System memory in use after: 87.3 MB.

Unloading 52 unused Assets to reduce memory usage. Loaded Objects now: 2386.
Total: 15.318700 ms (FindLiveObjects: 2.148100 ms CreateObjectMapping: 0.227700 ms MarkObjects: 10.446800 ms  DeleteObjects: 2.493600 ms)

